Determining if the pthread_create exist failed with the following output:
Change Dir: /home/jlurobot/CXTDevelop/learning_opencv/lec5/build/CMakeFiles/CMakeTmp

Run Build Command:"/usr/bin/make" "cmTC_92ad0/fast"
/usr/bin/make -f CMakeFiles/cmTC_92ad0.dir/build.make CMakeFiles/cmTC_92ad0.dir/build
make[1]: Entering directory '/home/jlurobot/CXTDevelop/learning_opencv/lec5/build/CMakeFiles/CMakeTmp'
Building C object CMakeFiles/cmTC_92ad0.dir/CheckSymbolExists.c.o
/usr/bin/cc    -fPIC    -o CMakeFiles/cmTC_92ad0.dir/CheckSymbolExists.c.o   -c /home/jlurobot/CXTDevelop/learning_opencv/lec5/build/CMakeFiles/CMakeTmp/CheckSymbolExists.c
Linking C executable cmTC_92ad0
/usr/bin/cmake -E cmake_link_script CMakeFiles/cmTC_92ad0.dir/link.txt --verbose=1
/usr/bin/cc  -fPIC     CMakeFiles/cmTC_92ad0.dir/CheckSymbolExists.c.o  -o cmTC_92ad0 
CMakeFiles/cmTC_92ad0.dir/CheckSymbolExists.c.o: In function `main':
CheckSymbolExists.c:(.text+0x1b): undefined reference to `pthread_create'
collect2: error: ld returned 1 exit status
CMakeFiles/cmTC_92ad0.dir/build.make:97: recipe for target 'cmTC_92ad0' failed
make[1]: *** [cmTC_92ad0] Error 1
make[1]: Leaving directory '/home/jlurobot/CXTDevelop/learning_opencv/lec5/build/CMakeFiles/CMakeTmp'
Makefile:126: recipe for target 'cmTC_92ad0/fast' failed
make: *** [cmTC_92ad0/fast] Error 2

File /home/jlurobot/CXTDevelop/learning_opencv/lec5/build/CMakeFiles/CMakeTmp/CheckSymbolExists.c:
/* */
#include <pthread.h>

int main(int argc, char** argv)
{
  (void)argv;
#ifndef pthread_create
  return ((int*)(&pthread_create))[argc];
#else
  (void)argc;
  return 0;
#endif
}

Determining if the function pthread_create exists in the pthreads failed with the following output:
Change Dir: /home/jlurobot/CXTDevelop/learning_opencv/lec5/build/CMakeFiles/CMakeTmp

Run Build Command:"/usr/bin/make" "cmTC_fdbdf/fast"
/usr/bin/make -f CMakeFiles/cmTC_fdbdf.dir/build.make CMakeFiles/cmTC_fdbdf.dir/build
make[1]: Entering directory '/home/jlurobot/CXTDevelop/learning_opencv/lec5/build/CMakeFiles/CMakeTmp'
Building C object CMakeFiles/cmTC_fdbdf.dir/CheckFunctionExists.c.o
/usr/bin/cc    -fPIC -DCHECK_FUNCTION_EXISTS=pthread_create   -o CMakeFiles/cmTC_fdbdf.dir/CheckFunctionExists.c.o   -c /usr/share/cmake-3.5/Modules/CheckFunctionExists.c
Linking C executable cmTC_fdbdf
/usr/bin/cmake -E cmake_link_script CMakeFiles/cmTC_fdbdf.dir/link.txt --verbose=1
/usr/bin/cc  -fPIC -DCHECK_FUNCTION_EXISTS=pthread_create    CMakeFiles/cmTC_fdbdf.dir/CheckFunctionExists.c.o  -o cmTC_fdbdf -lpthreads 
/usr/bin/ld: cannot find -lpthreads
collect2: error: ld returned 1 exit status
CMakeFiles/cmTC_fdbdf.dir/build.make:97: recipe for target 'cmTC_fdbdf' failed
make[1]: *** [cmTC_fdbdf] Error 1
make[1]: Leaving directory '/home/jlurobot/CXTDevelop/learning_opencv/lec5/build/CMakeFiles/CMakeTmp'
Makefile:126: recipe for target 'cmTC_fdbdf/fast' failed
make: *** [cmTC_fdbdf/fast] Error 2


